sudo apt-add-repository -yu ppa:maas/stable

yes ubuntu | mkpasswd --method=SHA-512 --rounds=4096
ln /etc/maas/preseeds/curtin_userdata ~/
vim curtin_userdata

wget -O ~/login_maas https://raw.githubusercontent.com/KathrynMorgan/mini-stack/master/5_MAAS-Rack_And_Region_Ctl-On-Open_vSwitch/aux/login && chmod +x login_maas 
./login_maas 
maas admin --help

maas admin machines read | jq '.[] | select (.status_name=="New") {system_id:.system_id,hostname:.hostname}' --compact-output
maas admin machines read | jq '.[] | {hostname:.hostname,system_id:.system_id}'
maas admin pods read | jq '.[] | select (.name=="mini-stack") | .name, .id'

./compose.sh 

maas admin tags create name=osd
maas admin tags create name=compute
maas admin tags create name=openstack
maas admin tags create name=mini-stack

for i in ks3gts kctrm4 8sgwsn; do maas admin tag update-nodes osd add=$i; done

maas admin pod compose 3 \
    cores=4 \
    memory=12288 \
    architecture=amd64/generic \
    interfaces=eth0:space=lan \
   "storage=root:32(default),osd:32(default)"
